Using pre-set license
Built from '2020.3/staging' branch; Version is '2020.3.0f1 (c7b5465681fb) revision 13088070'; Using compiler version '192528614'; Build Type 'Release'
OS: 'Windows 7  (6.1.0) 64bit' Language: 'en' Physical Memory: 8075 MB
BatchMode: 1, IsHumanControllingUs: 0, StartBugReporterOnCrash: 0, Is64bit: 1, IsPro: 0

 COMMAND LINE ARGUMENTS:
C:\Program Files\Unity\Hub\Editor\2020.3.0f1\Editor\Unity.exe
-adb2
-batchMode
-noUpm
-name
AssetImportWorker0
-projectPath
D:/Projects/Github Repository/ComputerGamesDevelopmentCourse/Demo doodle jump
-logFile
Logs/AssetImportWorker0.log
-srvPort
56997
Successfully changed project path to: D:/Projects/Github Repository/ComputerGamesDevelopmentCourse/Demo doodle jump
D:/Projects/Github Repository/ComputerGamesDevelopmentCourse/Demo doodle jump
Using Asset Import Pipeline V2.
Refreshing native plugins compatible for Editor in 62.03 ms, found 1 plugins.
Preloading 0 native plugins for Editor in 0.00 ms.
Initialize engine version: 2020.3.0f1 (c7b5465681fb)
[Subsystems] Discovering subsystems at path C:/Program Files/Unity/Hub/Editor/2020.3.0f1/Editor/Data/Resources/UnitySubsystems
[Subsystems] Discovering subsystems at path D:/Projects/Github Repository/ComputerGamesDevelopmentCourse/Demo doodle jump/Assets
GfxDevice: creating device client; threaded=0
d3d11: CreateDXGIFactory2(...) not found, fallbacking to CreateDXGIFactory1(...).
d3d11: D3D_FEATURE_LEVEL_11_1 not-recognized (only 11.0 runtime installed?)
d3d11: QueryInterface(IDXGIFactory5) failed (80004002).
Direct3D:
    Version:  Direct3D 11.0 [level 10.1]
    Renderer: Intel(R) HD Graphics 3000 (ID=0x126)
    Vendor:   
    VRAM:     1632 MB
    Driver:   9.17.10.4229
Initialize mono
Mono path[0] = 'C:/Program Files/Unity/Hub/Editor/2020.3.0f1/Editor/Data/Managed'
Mono path[1] = 'C:/Program Files/Unity/Hub/Editor/2020.3.0f1/Editor/Data/MonoBleedingEdge/lib/mono/unityjit'
Mono config path = 'C:/Program Files/Unity/Hub/Editor/2020.3.0f1/Editor/Data/MonoBleedingEdge/etc'
Using monoOptions --debugger-agent=transport=dt_socket,embedding=1,server=y,suspend=n,address=127.0.0.1:56884
Begin MonoManager ReloadAssembly
Registering precompiled unity dll's ...
Register platform support module: C:/Program Files/Unity/Hub/Editor/2020.3.0f1/Editor/Data/PlaybackEngines/WindowsStandaloneSupport/UnityEditor.WindowsStandalone.Extensions.dll
Registered in 0.001225 seconds.
Native extension for WindowsStandalone target not found
Refreshing native plugins compatible for Editor in 56.55 ms, found 1 plugins.
Preloading 0 native plugins for Editor in 0.00 ms.
Invoked RoslynAnalysisRunner static constructor.
RoslynAnalysisRunner will not be running.
RoslynAnalysisRunner has terminated.
Mono: successfully reloaded assembly
- Completed reload, in  1.362 seconds
Platform modules already initialized, skipping
Registering precompiled user dll's ...
Registered in 0.001070 seconds.
Begin MonoManager ReloadAssembly
Native extension for WindowsStandalone target not found
Refreshing native plugins compatible for Editor in 76.03 ms, found 1 plugins.
Preloading 0 native plugins for Editor in 0.00 ms.
Invoked RoslynAnalysisRunner static constructor.
RoslynAnalysisRunner will not be running.
RoslynAnalysisRunner has terminated.
Mono: successfully reloaded assembly
- Completed reload, in  1.355 seconds
Platform modules already initialized, skipping
========================================================================
Worker process is ready to serve import requests
Launched and connected shader compiler UnityShaderCompiler.exe after 0.03 seconds
Refreshing native plugins compatible for Editor in 0.57 ms, found 1 plugins.
Preloading 0 native plugins for Editor in 0.00 ms.
Unloading 1863 Unused Serialized files (Serialized files now loaded: 0)
System memory in use before: 88.5 MB.
System memory in use after: 88.4 MB.

Unloading 24 unused Assets to reduce memory usage. Loaded Objects now: 2308.
Total: 2.780240 ms (FindLiveObjects: 0.235453 ms CreateObjectMapping: 0.098619 ms MarkObjects: 2.260024 ms  DeleteObjects: 0.184089 ms)

========================================================================
Received Import Request.
  path: Assets/Scripts/MovingPlatform.cs
  artifactKey: Guid(2da52217e8a42b84fb5cf63ee8612ee2) Importer(815301076,1909f56bfc062723c751e8b465ee728b)
Start importing Assets/Scripts/MovingPlatform.cs using Guid(2da52217e8a42b84fb5cf63ee8612ee2) Importer(815301076,1909f56bfc062723c751e8b465ee728b)  -> (artifact id: 'b4623ecc9023a1d60fb34adf07d45587') in 0.051234 seconds
  Import took 0.056711 seconds .

========================================================================
Received Import Request.
  Time since last request: 4654.993763 seconds.
  path: Assets/Scripts/MovingEnemy.cs
  artifactKey: Guid(939a3774c124888418d16feaf9fbc2e1) Importer(815301076,1909f56bfc062723c751e8b465ee728b)
Start importing Assets/Scripts/MovingEnemy.cs using Guid(939a3774c124888418d16feaf9fbc2e1) Importer(815301076,1909f56bfc062723c751e8b465ee728b)  -> (artifact id: 'fddfc94c8c21e4170990adcf4005ad30') in 0.001808 seconds
  Import took 0.007782 seconds .

========================================================================
Received Import Request.
  Time since last request: 0.004418 seconds.
  path: Assets/Scripts/MovingEnemy.cs
  artifactKey: Guid(939a3774c124888418d16feaf9fbc2e1) Importer(815301076,1909f56bfc062723c751e8b465ee728b)
Start importing Assets/Scripts/MovingEnemy.cs using Guid(939a3774c124888418d16feaf9fbc2e1) Importer(815301076,1909f56bfc062723c751e8b465ee728b)  -> (artifact id: 'fddfc94c8c21e4170990adcf4005ad30') in 0.002274 seconds
  Import took 0.011735 seconds .

========================================================================
Received Prepare
Registering precompiled user dll's ...
Registered in 0.001227 seconds.
Begin MonoManager ReloadAssembly
Native extension for WindowsStandalone target not found
Refreshing native plugins compatible for Editor in 0.86 ms, found 1 plugins.
Preloading 0 native plugins for Editor in 0.00 ms.
Invoked RoslynAnalysisRunner static constructor.
RoslynAnalysisRunner will not be running.
RoslynAnalysisRunner has terminated.
Mono: successfully reloaded assembly
- Completed reload, in  5.430 seconds
Platform modules already initialized, skipping
Refreshing native plugins compatible for Editor in 0.83 ms, found 1 plugins.
Preloading 0 native plugins for Editor in 0.00 ms.
Unloading 1845 Unused Serialized files (Serialized files now loaded: 0)
System memory in use before: 87.4 MB.
System memory in use after: 87.3 MB.

Unloading 12 unused Assets to reduce memory usage. Loaded Objects now: 2313.
Total: 165.852031 ms (FindLiveObjects: 2.289609 ms CreateObjectMapping: 0.323389 ms MarkObjects: 162.980979 ms  DeleteObjects: 0.253534 ms)

========================================================================
Received Import Request.
  Time since last request: 98.845185 seconds.
  path: Assets/Scripts/Player_Move.cs
  artifactKey: Guid(8c81e042066797742a3f9524d841bd1d) Importer(815301076,1909f56bfc062723c751e8b465ee728b)
Start importing Assets/Scripts/Player_Move.cs using Guid(8c81e042066797742a3f9524d841bd1d) Importer(815301076,1909f56bfc062723c751e8b465ee728b)  -> (artifact id: 'b9de63b269001f2b7bc03f220b0e8d3e') in 0.013941 seconds
  Import took 0.019510 seconds .

========================================================================
Received Prepare
Registering precompiled user dll's ...
Registered in 0.000983 seconds.
Begin MonoManager ReloadAssembly
Native extension for WindowsStandalone target not found
Refreshing native plugins compatible for Editor in 0.85 ms, found 1 plugins.
Preloading 0 native plugins for Editor in 0.00 ms.
Invoked RoslynAnalysisRunner static constructor.
RoslynAnalysisRunner will not be running.
RoslynAnalysisRunner has terminated.
Mono: successfully reloaded assembly
- Completed reload, in  1.421 seconds
Platform modules already initialized, skipping
Refreshing native plugins compatible for Editor in 0.61 ms, found 1 plugins.
Preloading 0 native plugins for Editor in 0.00 ms.
Unloading 1844 Unused Serialized files (Serialized files now loaded: 0)
System memory in use before: 87.4 MB.
System memory in use after: 87.4 MB.

Unloading 13 unused Assets to reduce memory usage. Loaded Objects now: 2316.
Total: 2.725999 ms (FindLiveObjects: 0.232577 ms CreateObjectMapping: 0.081772 ms MarkObjects: 2.258380 ms  DeleteObjects: 0.152038 ms)

========================================================================
Received Import Request.
  Time since last request: 66.014442 seconds.
  path: Assets/Scripts/Enemy_Move.cs
  artifactKey: Guid(fa38d3ca986c54149a3db1d438a56139) Importer(815301076,1909f56bfc062723c751e8b465ee728b)
Start importing Assets/Scripts/Enemy_Move.cs using Guid(fa38d3ca986c54149a3db1d438a56139) Importer(815301076,1909f56bfc062723c751e8b465ee728b)  -> (artifact id: '68aa1bb9620adee81b04f457f798da6a') in 0.007957 seconds
  Import took 0.014569 seconds .

========================================================================
Received Prepare
Registering precompiled user dll's ...
Registered in 0.001866 seconds.
Begin MonoManager ReloadAssembly
Native extension for WindowsStandalone target not found
Refreshing native plugins compatible for Editor in 0.84 ms, found 1 plugins.
Preloading 0 native plugins for Editor in 0.00 ms.
Invoked RoslynAnalysisRunner static constructor.
RoslynAnalysisRunner will not be running.
RoslynAnalysisRunner has terminated.
Mono: successfully reloaded assembly
- Completed reload, in  1.419 seconds
Platform modules already initialized, skipping
Refreshing native plugins compatible for Editor in 0.60 ms, found 1 plugins.
Preloading 0 native plugins for Editor in 0.00 ms.
Unloading 1845 Unused Serialized files (Serialized files now loaded: 0)
System memory in use before: 87.4 MB.
System memory in use after: 87.4 MB.

Unloading 12 unused Assets to reduce memory usage. Loaded Objects now: 2321.
Total: 2.857081 ms (FindLiveObjects: 0.385848 ms CreateObjectMapping: 0.087525 ms MarkObjects: 2.207016 ms  DeleteObjects: 0.175460 ms)

========================================================================
Received Prepare
Registering precompiled user dll's ...
Registered in 0.000985 seconds.
Begin MonoManager ReloadAssembly
Native extension for WindowsStandalone target not found
Refreshing native plugins compatible for Editor in 0.74 ms, found 1 plugins.
Preloading 0 native plugins for Editor in 0.00 ms.
Invoked RoslynAnalysisRunner static constructor.
RoslynAnalysisRunner will not be running.
RoslynAnalysisRunner has terminated.
Mono: successfully reloaded assembly
- Completed reload, in  1.927 seconds
Platform modules already initialized, skipping
Refreshing native plugins compatible for Editor in 0.74 ms, found 1 plugins.
Preloading 0 native plugins for Editor in 0.00 ms.
Unloading 1845 Unused Serialized files (Serialized files now loaded: 0)
System memory in use before: 87.4 MB.
System memory in use after: 87.4 MB.

Unloading 12 unused Assets to reduce memory usage. Loaded Objects now: 2325.
Total: 3.678907 ms (FindLiveObjects: 0.239152 ms CreateObjectMapping: 0.083826 ms MarkObjects: 3.099930 ms  DeleteObjects: 0.253534 ms)

========================================================================
Received Import Request.
  Time since last request: 35.778157 seconds.
  path: Assets/Scripts/Enemy_Move.cs
  artifactKey: Guid(fa38d3ca986c54149a3db1d438a56139) Importer(815301076,1909f56bfc062723c751e8b465ee728b)
Start importing Assets/Scripts/Enemy_Move.cs using Guid(fa38d3ca986c54149a3db1d438a56139) Importer(815301076,1909f56bfc062723c751e8b465ee728b)  -> (artifact id: 'f0812cd2380e2b365e80461132801253') in 0.011786 seconds
  Import took 0.017996 seconds .

========================================================================
Received Prepare
Registering precompiled user dll's ...
Registered in 0.001338 seconds.
Begin MonoManager ReloadAssembly
Native extension for WindowsStandalone target not found
Refreshing native plugins compatible for Editor in 0.60 ms, found 1 plugins.
Preloading 0 native plugins for Editor in 0.00 ms.
Invoked RoslynAnalysisRunner static constructor.
RoslynAnalysisRunner will not be running.
RoslynAnalysisRunner has terminated.
Mono: successfully reloaded assembly
- Completed reload, in  1.197 seconds
Platform modules already initialized, skipping
Refreshing native plugins compatible for Editor in 0.62 ms, found 1 plugins.
Preloading 0 native plugins for Editor in 0.00 ms.
Unloading 1845 Unused Serialized files (Serialized files now loaded: 0)
System memory in use before: 87.4 MB.
System memory in use after: 87.4 MB.

Unloading 12 unused Assets to reduce memory usage. Loaded Objects now: 2329.
Total: 9.960540 ms (FindLiveObjects: 0.388313 ms CreateObjectMapping: 0.121219 ms MarkObjects: 9.219663 ms  DeleteObjects: 0.228468 ms)

AssetImportWorkerClient::OnTransportError - code=2 error=End of file
